\BOOKMARK [0][-]{chapter.1}{\376\377\000R\000h\000o\000s\000t\000M\000U\000S\000H\000\040\000R\000e\000q\000u\000i\000r\000e\000m\000e\000n\000t\000s}{}% 1
\BOOKMARK [1][-]{section.1.1}{\376\377\000S\000y\000s\000t\000e\000m\000\040\000R\000e\000q\000u\000i\000r\000e\000m\000e\000n\000t\000s}{chapter.1}% 2
\BOOKMARK [1][-]{section.1.2}{\376\377\000S\000o\000f\000t\000w\000a\000r\000e\000\040\000R\000e\000q\000u\000i\000r\000e\000m\000e\000n\000t\000s}{chapter.1}% 3
\BOOKMARK [1][-]{section.1.3}{\376\377\000H\000o\000s\000t\000i\000n\000g\000\040\000R\000e\000q\000u\000i\000r\000e\000m\000e\000n\000t\000s}{chapter.1}% 4
\BOOKMARK [0][-]{chapter.2}{\376\377\000I\000n\000s\000t\000a\000l\000l\000i\000n\000g\000\040\000R\000h\000o\000s\000t\000M\000U\000S\000H}{}% 5
\BOOKMARK [1][-]{section.2.1}{\376\377\000O\000b\000t\000a\000i\000n\000i\000n\000g\000\040\000R\000h\000o\000s\000t\000M\000U\000S\000H\000\040\000S\000o\000u\000r\000c\000e\000\040\000C\000o\000d\000e}{chapter.2}% 6
\BOOKMARK [1][-]{section.2.2}{\376\377\000O\000p\000t\000i\000o\000n\000s\000\040\000f\000o\000r\000\040\000m\000a\000k\000i\000n\000g\000\040\000a\000\040\000M\000U\000S\000H}{chapter.2}% 7
\BOOKMARK [1][-]{section.2.3}{\376\377\000C\000o\000m\000p\000i\000l\000i\000n\000g\000\040\000R\000h\000o\000s\000t\000M\000u\000s\000h}{chapter.2}% 8
\BOOKMARK [1][-]{section.2.4}{\376\377\000C\000o\000n\000f\000i\000g\000u\000r\000i\000n\000g\000\040\000t\000h\000e\000\040\000g\000a\000m\000e}{chapter.2}% 9
\BOOKMARK [1][-]{section.2.5}{\376\377\000C\000r\000e\000a\000t\000i\000n\000g\000\040\000R\000H\000o\000s\000t\000M\000U\000S\000H\000\040\000w\000i\000t\000h\000\040\000a\000\040\000P\000r\000o\000v\000i\000d\000e\000d\000\040\000D\000B}{chapter.2}% 10
\BOOKMARK [1][-]{section.2.6}{\376\377\000B\000a\000s\000i\000c\000\040\000I\000n\000s\000t\000r\000u\000c\000t\000i\000o\000n\000s\000\040\000f\000o\000r\000\040\000s\000t\000a\000r\000t\000i\000n\000g\000\040\000a\000\040\000n\000e\000w\000\040\000R\000h\000o\000s\000t\000M\000U\000S\000H}{chapter.2}% 11
\BOOKMARK [1][-]{section.2.7}{\376\377\000C\000u\000s\000t\000o\000m\000t\000i\000z\000e\000\040\000t\000h\000e\000\040\000t\000e\000x\000t\000f\000i\000l\000e\000s\000\040\000f\000o\000r\000\040\000y\000o\000u\000r\000\040\000g\000a\000m\000e}{chapter.2}% 12
\BOOKMARK [1][-]{section.2.8}{\376\377\000T\000h\000r\000e\000e\000\040\000O\000p\000t\000i\000o\000n\000s\000\040\000f\000o\000r\000\040\000S\000t\000a\000r\000t\000i\000n\000g\000\040\000a\000\040\000M\000U\000S\000H}{chapter.2}% 13
\BOOKMARK [0][-]{chapter.3}{\376\377\000I\000n\000s\000t\000a\000l\000l\000i\000n\000g\000\040\000u\000s\000i\000n\000g\000\040\000a\000n\000\040\000a\000n\000s\000i\000b\000l\000e\000\040\000p\000l\000a\000y\000b\000o\000o\000k}{}% 14
\BOOKMARK [0][-]{chapter.4}{\376\377\000W\000h\000a\000t\000\040\000R\000h\000o\000s\000t\000M\000U\000S\000H\000\040\000i\000s\000\040\000a\000b\000o\000u\000t\000\040\000a\000n\000d\000\040\000w\000h\000a\000t\000\047\000s\000\040\000s\000o\000\040\000g\000r\000e\000a\000t\000\040\000a\000b\000o\000u\000t\000\040\000R\000h\000o\000s\000t\000M\000U\000S\000H}{}% 15
\BOOKMARK [1][-]{section.4.1}{\376\377\000R\000e\000c\000y\000c\000l\000e\000\040\000b\000i\000n}{chapter.4}% 16
\BOOKMARK [1][-]{section.4.2}{\376\377\000@\000s\000n\000a\000p\000s\000h\000o\000t}{chapter.4}% 17
\BOOKMARK [1][-]{section.4.3}{\376\377\000W\000i\000z\000a\000r\000d\000\040\000a\000n\000d\000\040\000I\000m\000m\000o\000r\000t\000a\000l\000s\000\040\000b\000y\000\040\000d\000e\000f\000a\000u\000l\000t}{chapter.4}% 18
\BOOKMARK [1][-]{section.4.4}{\376\377\000T\000i\000t\000l\000e\000s\000\040\000a\000n\000d\000\040\000C\000a\000p\000t\000i\000o\000n\000s\000\040\000t\000o\000\040\000a\000\040\000p\000l\000a\000y\000e\000r\000\047\000s\000\040\000n\000a\000m\000e}{chapter.4}% 19
\BOOKMARK [1][-]{section.4.5}{\376\377\000H\000a\000v\000e\000\040\000a\000n\000\040\000a\000l\000t\000e\000r\000n\000a\000t\000e\000\040\000n\000a\000m\000e\000\040\000w\000i\000t\000h\000\040\000l\000o\000c\000k\000s\000\040\000f\000o\000r\000\040\000N\000P\000C\000\040\000o\000b\000f\000u\000s\000c\000a\000t\000i\000o\000n}{chapter.4}% 20
\BOOKMARK [1][-]{section.4.6}{\376\377\000H\000a\000v\000e\000\040\000m\000u\000l\000t\000i\000p\000l\000e\000\040\000p\000l\000a\000y\000e\000r\000\040\000a\000l\000i\000a\000s\000e\000s}{chapter.4}% 21
\BOOKMARK [1][-]{section.4.7}{\376\377\000A\000c\000t\000i\000v\000e\000l\000y\000\040\000c\000o\000n\000t\000r\000o\000l\000\040\000h\000o\000w\000\040\000d\000a\000r\000k\000\040\000w\000o\000r\000k\000s\000\040\000b\000o\000t\000h\000\040\000g\000a\000m\000e\000-\000w\000i\000d\000e\000\040\000a\000n\000d\000\040\000i\000n\000d\000i\000v\000i\000d\000u\000a\000l\000l\000y}{chapter.4}% 22
\BOOKMARK [1][-]{section.4.8}{\376\377\000M\000a\000k\000e\000\040\000c\000o\000n\000f\000i\000g\000\040\000f\000i\000l\000e\000\040\000c\000h\000a\000n\000g\000e\000s\000\040\000i\000n\000-\000g\000a\000m\000e\000\040\000w\000i\000t\000h\000o\000u\000t\000\040\000h\000a\000v\000i\000n\000g\000\040\000t\000o\000\040\000r\000e\000b\000o\000o\000t\000\040\000o\000r\000\040\000h\000a\000v\000e\000\040\000s\000h\000e\000l\000l\000\040\000a\000c\000c\000e\000s\000s}{chapter.4}% 23
\BOOKMARK [1][-]{section.4.9}{\376\377\000E\000x\000e\000c\000u\000t\000e\000\040\000a\000n\000y\000\040\000b\000i\000n\000a\000r\000y\000\040\000o\000r\000\040\000s\000c\000r\000i\000p\000t\000\040\000a\000s\000\040\000a\000\040\000l\000o\000c\000a\000l\000i\000z\000e\000d\000\040\000f\000u\000n\000c\000t\000i\000o\000n}{chapter.4}% 24
\BOOKMARK [1][-]{section.4.10}{\376\377\000C\000u\000s\000t\000o\000m\000i\000z\000e\000d\000\040\000p\000e\000r\000c\000e\000n\000t\000\040\000s\000u\000b\000s\000t\000i\000t\000u\000t\000i\000o\000n\000s\000\040\000\050\000l\000i\000k\000e\000\040\000\045\000n\000,\000\040\000\045\000\043\000,\000\040\000e\000t\000c\000\051}{chapter.4}% 25
\BOOKMARK [1][-]{section.4.11}{\376\377\000R\000e\000d\000e\000f\000i\000n\000e\000\040\000p\000e\000r\000c\000e\000n\000t\000\040\000s\000u\000b\000s\000t\000i\000t\000u\000t\000i\000o\000n\000s\000\040\000\050\000l\000i\000k\000e\000\040\000\045\000n\000,\000\040\000\045\000\043\000,\000\040\000e\000t\000c\000\051}{chapter.4}% 26
\BOOKMARK [1][-]{section.4.12}{\376\377\000L\000o\000c\000a\000l\000i\000z\000e\000\040\000c\000o\000m\000m\000a\000n\000d\000\040\000a\000n\000d\000\040\000f\000u\000n\000c\000t\000i\000o\000n\000\040\000o\000v\000e\000r\000r\000i\000d\000e\000s\000\040\000i\000n\000\040\000a\000\040\000s\000a\000n\000d\000b\000o\000x}{chapter.4}% 27
\BOOKMARK [1][-]{section.4.13}{\376\377\000M\000u\000l\000t\000i\000p\000l\000e\000\040\000Z\000o\000n\000e\000s}{chapter.4}% 28
\BOOKMARK [1][-]{section.4.14}{\376\377\000O\000p\000t\000i\000o\000n\000a\000l\000l\000y\000\040\000c\000o\000n\000t\000r\000o\000l\000,\000\040\000e\000n\000a\000b\000l\000e\000,\000\040\000o\000r\000\040\000d\000i\000s\000a\000b\000l\000e\000\040\000s\000i\000d\000e\000e\000f\000f\000e\000c\000t\000s}{chapter.4}% 29
\BOOKMARK [1][-]{section.4.15}{\376\377\000H\000a\000v\000e\000\040\0003\0001\000\040\000c\000r\000o\000s\000s\000-\000i\000n\000t\000e\000r\000a\000c\000t\000i\000v\000e\000\040\000r\000e\000a\000l\000i\000t\000i\000e\000s\000\040\000f\000o\000r\000\040\000l\000o\000c\000a\000t\000i\000o\000n\000s}{chapter.4}% 30
\BOOKMARK [1][-]{section.4.16}{\376\377\000O\000v\000e\000r\000r\000i\000d\000e\000\040\000a\000n\000y\000\040\000c\000o\000m\000m\000a\000n\000d\000\040\000w\000i\000t\000h\000\040\000s\000o\000f\000t\000c\000o\000d\000e}{chapter.4}% 31
\BOOKMARK [1][-]{section.4.17}{\376\377\000T\000h\000e\000\040\000a\000b\000i\000l\000i\000l\000i\000t\000y\000\040\000t\000o\000\040\000r\000a\000i\000s\000e\000\040\000o\000r\000\040\000l\000o\000w\000e\000r\000\040\000p\000e\000r\000m\000i\000s\000s\000i\000o\000n\000s\000\040\000o\000n\000\040\000t\000h\000e\000\040\000v\000a\000r\000i\000o\000u\000s}{chapter.4}% 32
\BOOKMARK [1][-]{section.4.18}{\376\377\000C\000u\000s\000t\000o\000m\000i\000z\000e\000\040\000n\000e\000w\000\040\000c\000o\000m\000m\000a\000n\000d\000s\000\040\000o\000n\000\040\000t\000h\000e\000\040\000c\000o\000n\000n\000e\000c\000t\000\040\000s\000c\000r\000e\000e\000n}{chapter.4}% 33
\BOOKMARK [1][-]{section.4.19}{\376\377\000S\000o\000f\000t\000c\000o\000d\000e\000\040\000a\000n\000y\000\040\000t\000x\000t\000\040\000f\000i\000l\000e\000\040\000\050\000l\000i\000k\000e\000\040\000c\000o\000n\000n\000e\000c\000t\000.\000t\000x\000t\000\051}{chapter.4}% 34
\BOOKMARK [1][-]{section.4.20}{\376\377\000A\000d\000v\000a\000n\000c\000e\000d\000\040\000t\000r\000a\000c\000i\000n\000g\000\040\000m\000e\000t\000h\000o\000d\000s\000\040\000f\000o\000r\000\040\000d\000e\000b\000u\000g\000g\000i\000n\000g\000\040\000y\000o\000u\000r\000\040\000c\000o\000d\000e\000\040\000i\000n\000c\000l\000u\000d\000i\000n\000g\000\040\000l\000a\000b\000e\000l\000s\000!}{chapter.4}% 35
\BOOKMARK [1][-]{section.4.21}{\376\377\000B\000u\000i\000l\000t\000\040\000i\000n\000\040\000p\000r\000e\000t\000t\000y\000-\000p\000r\000i\000n\000t\000i\000n\000g\000\040\000o\000f\000\040\000a\000t\000t\000r\000i\000b\000u\000t\000e\000s\000\040\000w\000i\000t\000h\000\040\000t\000h\000e\000\040\000p\000a\000r\000e\000n\000m\000a\000t\000c\000h\000\050\000\051\000\040\000f\000u\000n\000c\000t\000i\000o\000n}{chapter.4}% 36
\BOOKMARK [1][-]{section.4.22}{\376\377\000P\000l\000e\000n\000t\000y\000\040\000m\000o\000r\000e\000\040\000n\000o\000t\000\040\000m\000e\000n\000t\000i\000o\000n\000e\000d\000!}{chapter.4}% 37
\BOOKMARK [1][-]{section.4.23}{\376\377\000A\000d\000v\000a\000n\000c\000e\000d\000\040\000f\000e\000a\000t\000u\000r\000e\000s\000\040\000o\000f\000\040\000R\000h\000o\000s\000t\000M\000U\000S\000H}{chapter.4}% 38
\BOOKMARK [1][-]{section.4.24}{\376\377\000R\000a\000n\000d\000o\000m\000\040\000n\000o\000t\000e\000s\000\040\000a\000n\000d\000\040\000t\000h\000i\000n\000g\000s\000\040\000t\000o\000\040\000k\000n\000o\000w\000\040\000a\000b\000o\000u\000t\000\040\000R\000h\000o\000s\000t\000M\000U\000S\000H}{chapter.4}% 39
\BOOKMARK [0][-]{chapter.5}{\376\377\000W\000h\000a\000t\000\040\000F\000L\000A\000G\000S\000,\000\040\000T\000O\000G\000G\000L\000E\000S\000,\000\040\000P\000O\000W\000E\000R\000S\000,\000\040\000a\000n\000d\000\040\000D\000E\000P\000O\000W\000E\000R\000S\000\040\000m\000e\000a\000n\000\040\000i\000n\000\040\000R\000h\000o\000s\000t\000M\000U\000S\000H}{}% 40
\BOOKMARK [1][-]{section.5.1}{\376\377\000W\000h\000a\000t\000\040\000a\000r\000e\000\040\000F\000l\000a\000g\000s\000?}{chapter.5}% 41
\BOOKMARK [1][-]{section.5.2}{\376\377\000W\000h\000a\000t\000\040\000a\000r\000e\000\040\000T\000o\000g\000g\000l\000e\000s\000?}{chapter.5}% 42
\BOOKMARK [1][-]{section.5.3}{\376\377\000W\000h\000a\000t\000\040\000i\000s\000\040\000a\000n\000\040\000@\000p\000o\000w\000e\000r\000?}{chapter.5}% 43
\BOOKMARK [1][-]{section.5.4}{\376\377\000W\000h\000a\000t\000\040\000i\000s\000\040\000a\000n\000\040\000@\000d\000e\000p\000o\000w\000e\000r\000?}{chapter.5}% 44
\BOOKMARK [0][-]{chapter.6}{\376\377\000M\000u\000l\000t\000i\000-\000t\000i\000e\000r\000e\000d\000\040\000b\000i\000t\000l\000e\000v\000e\000l\000\040\000s\000y\000s\000t\000e\000m\000s}{}% 45
\BOOKMARK [1][-]{section.6.1}{\376\377\000A\000l\000t\000e\000r\000i\000n\000g\000\040\000b\000i\000t\000l\000e\000v\000e\000l\000s}{chapter.6}% 46
\BOOKMARK [1][-]{section.6.2}{\376\377\000g\000h\000o\000d\000\040\000\050\000\043\0001\000\051\000\040\000<\000b\000i\000t\000l\000e\000v\000e\000l\000\040\0007\000>}{chapter.6}% 47
\BOOKMARK [1][-]{section.6.3}{\376\377\000I\000m\000m\000o\000r\000t\000a\000l\000\050\000i\000\051\000\040\000<\000L\000e\000v\000e\000l\000\040\0006\000>\000\040\000-\000\040\000B\000a\000s\000i\000c\000a\000l\000l\000y\000\040\000\043\0001}{chapter.6}% 48
\BOOKMARK [1][-]{section.6.4}{\376\377\000R\000o\000y\000a\000l\000t\000y\000\050\000W\000\051\000\040\000<\000L\000e\000v\000e\000l\000\040\0005\000>\000\040\000-\000\040\000F\000U\000L\000L\000\040\000w\000i\000z\000b\000i\000t\000\040\000l\000e\000v\000e\000l}{chapter.6}% 49
\BOOKMARK [1][-]{section.6.5}{\376\377\000C\000o\000u\000n\000c\000i\000l\000o\000r\000\050\000a\000\051\000\040\000<\000L\000e\000v\000e\000l\000\040\0004\000>\000\040\000-\000\040\000H\000i\000g\000h\000\040\000w\000i\000z\000b\000i\000t\000\040\000l\000e\000v\000e\000l}{chapter.6}% 50
\BOOKMARK [1][-]{section.6.6}{\376\377\000A\000r\000c\000h\000i\000t\000e\000c\000t\000\050\000B\000\051\000\040\000<\000L\000e\000v\000e\000l\000\040\0003\000>\000\040\000-\000\040\000M\000i\000d\000d\000l\000e\000\040\000w\000i\000z\000b\000i\000t\000\040\000l\000e\000v\000e\000l}{chapter.6}% 51
\BOOKMARK [1][-]{section.6.7}{\376\377\000G\000u\000i\000l\000d\000m\000a\000s\000t\000e\000r\000\050\000g\000\051\000\040\000<\000L\000e\000v\000e\000l\000\040\0002\000>\000\040\000-\000\040\000L\000o\000w\000e\000s\000t\000\040\000w\000i\000z\000b\000i\000t\000\040\000l\000e\000v\000e\000l}{chapter.6}% 52
\BOOKMARK [1][-]{section.6.8}{\376\377\000W\000a\000n\000d\000e\000r\000e\000r\000\040\000<\000b\000i\000t\000l\000e\000v\000e\000l\000\040\0000\000>}{chapter.6}% 53
\BOOKMARK [1][-]{section.6.9}{\376\377\000G\000u\000e\000s\000t\000\040\000<\000b\000i\000t\000l\000e\000v\000e\000l\000\040\0000\000\040\000a\000s\000\040\000w\000e\000l\000l\000>}{chapter.6}% 54
\BOOKMARK [0][-]{chapter.7}{\376\377\000C\000o\000m\000p\000a\000r\000i\000s\000o\000n\000\040\000o\000f\000\040\000m\000o\000d\000e\000r\000n\000\040\000M\000U\000S\000H\000\040\000s\000e\000r\000v\000e\000r\000s}{}% 55
\BOOKMARK [1][-]{section.7.1}{\376\377\000D\000i\000f\000f\000e\000r\000e\000n\000c\000e\000s\000\040\000t\000o\000\040\000e\000x\000p\000e\000c\000t\000\040\000t\000o\000\040\000t\000h\000e\000\040\000e\000n\000d\000\040\000u\000s\000e\000r\000\040\000b\000e\000t\000w\000e\000e\000n\000\040\000P\000e\000n\000n\000M\000U\000S\000H\000,\000\040\000M\000U\000X\000,\000\040\000a\000n\000d\000\040\000R\000h\000o\000s\000t\000M\000U\000S\000H}{chapter.7}% 56
\BOOKMARK [1][-]{section.7.2}{\376\377\000C\000o\000m\000p\000a\000r\000i\000s\000o\000n\000\040\000o\000f\000\040\000f\000e\000a\000t\000u\000r\000e\000s\000\040\000b\000e\000t\000w\000e\000e\000n\000\040\000R\000h\000o\000s\000t\000M\000U\000S\000H\000,\000\040\000P\000e\000n\000n\000M\000U\000S\000H\000,\000\040\000a\000n\000d\000\040\000M\000U\000X\0002}{chapter.7}% 57
\BOOKMARK [1][-]{section.7.3}{\376\377\000O\000r\000g\000a\000n\000i\000z\000a\000t\000i\000o\000n\000\040\000o\000f\000\040\000h\000e\000l\000p\000\040\000a\000n\000d\000\040\000w\000i\000z\000h\000e\000l\000p}{chapter.7}% 58
\BOOKMARK [1][-]{section.7.4}{\376\377\000M\000a\000i\000l\000,\000\040\000c\000o\000m\000s\000y\000s\000t\000e\000m\000,\000\040\000g\000u\000e\000s\000t\000s\000,\000\040\000m\000a\000s\000t\000e\000r\000\040\000r\000o\000o\000m\000s\000,\000\040\000e\000t\000c\000.\000.}{chapter.7}% 59
\BOOKMARK [1][-]{section.7.5}{\376\377\000C\000o\000m\000p\000a\000r\000i\000s\000o\000n\000s\000\040\000o\000f\000\040\000f\000e\000a\000t\000u\000r\000e\000s}{chapter.7}% 60
\BOOKMARK [1][-]{section.7.6}{\376\377\000@\000c\000o\000m\000m\000a\000n\000d\000s\000\040\000w\000i\000t\000h\000\040\000e\000q\000u\000i\000v\000a\000l\000e\000n\000t\000s}{chapter.7}% 61
\BOOKMARK [1][-]{section.7.7}{\376\377\000@\000c\000o\000m\000m\000a\000n\000d\000s\000\040\000u\000n\000i\000q\000u\000e\000\040\000t\000o\000\040\000R\000h\000o\000s\000t\000M\000U\000S\000H}{chapter.7}% 62
\BOOKMARK [1][-]{section.7.8}{\376\377\000@\000l\000o\000c\000k\000\040\000e\000q\000u\000i\000v\000a\000l\000e\000n\000t\000s}{chapter.7}% 63
\BOOKMARK [1][-]{section.7.9}{\376\377\000@\000l\000o\000c\000k\000s\000\040\000t\000h\000a\000t\000\040\000e\000x\000i\000s\000t\000\040\000i\000n\000\040\000R\000h\000o\000s\000t\000\040\000t\000h\000a\000t\000\040\000h\000a\000v\000e\000\040\000n\000o\000\040\000P\000e\000n\000n\000M\000U\000S\000H\000\040\000e\000q\000u\000i\000v\000e\000l\000a\000n\000t}{chapter.7}% 64
\BOOKMARK [1][-]{section.7.10}{\376\377\000F\000l\000a\000g\000\040\000a\000n\000d\000\040\000t\000o\000g\000g\000l\000e\000\040\000e\000q\000u\000i\000v\000a\000l\000e\000n\000t\000s}{chapter.7}% 65
\BOOKMARK [1][-]{section.7.11}{\376\377\000F\000l\000a\000g\000s\000\040\000a\000n\000d\000\040\000t\000o\000g\000g\000l\000e\000s\000\040\000t\000h\000a\000t\000\040\000o\000n\000l\000y\000\040\000e\000x\000i\000s\000t\000\040\000i\000n\000\040\000R\000h\000o\000s\000t\000M\000U\000S\000H}{chapter.7}% 66
\BOOKMARK [1][-]{section.7.12}{\376\377\000@\000p\000o\000w\000e\000r\000\040\000e\000q\000u\000i\000v\000a\000l\000e\000n\000t\000s}{chapter.7}% 67
\BOOKMARK [1][-]{section.7.13}{\376\377\000F\000u\000n\000c\000t\000i\000o\000n\000s\000\040\000e\000q\000u\000i\000v\000a\000l\000e\000n\000t\000s}{chapter.7}% 68
\BOOKMARK [1][-]{section.7.14}{\376\377\000W\000h\000a\000t\000\040\000m\000a\000y\000\040\000n\000e\000e\000d\000\040\000t\000o\000\040\000b\000e\000\040\000m\000o\000d\000i\000f\000i\000e\000d\000\040\000t\000o\000\040\000g\000e\000t\000\040\000s\000o\000f\000t\000c\000o\000d\000e\000\040\000f\000r\000o\000m\000\040\000P\000e\000n\000n\000M\000U\000S\000H\000,\000\040\000T\000i\000n\000y\000M\000U\000S\000H\0002\000,\000\040\000T\000i\000n\000y\000M\000U\000S\000H\0003\000,\000\040\000o\000r\000\040\000M\000U\000X\0002\000\040\000t\000o\000\040\000w\000o\000r\000k\000\040\000o\000n\000\040\000R\000h\000o\000s\000t}{chapter.7}% 69
\BOOKMARK [1][-]{section.7.15}{\376\377\000T\000h\000i\000n\000g\000s\000\040\000o\000t\000h\000e\000r\000\040\000m\000u\000s\000h\000e\000s\000\040\000c\000a\000n\000\040\000d\000o\000\040\000t\000h\000a\000t\000\040\000R\000h\000o\000s\000t\000\040\000c\000a\000n\000\040\000n\000o\000t\000\040\000a\000n\000d\000\040\000h\000o\000w\000\040\000t\000o\000\040\000e\000m\000u\000l\000a\000t\000e\000\040\000i\000t}{chapter.7}% 70
\BOOKMARK [0][-]{chapter.8}{\376\377\000D\000a\000t\000a\000b\000a\000s\000e}{}% 71
\BOOKMARK [1][-]{section.8.1}{\376\377\000L\000o\000a\000d\000i\000n\000g\000\040\000a\000n\000\040\000e\000x\000i\000s\000t\000i\000n\000g\000\040\000D\000a\000t\000a\000b\000a\000s\000e}{chapter.8}% 72
\BOOKMARK [1][-]{section.8.2}{\376\377\000C\000o\000n\000v\000e\000r\000t\000i\000n\000g\000\040\000a\000\040\000f\000l\000a\000t\000f\000i\000l\000e\000\040\000d\000a\000t\000a\000b\000a\000s\000e\000\040\000f\000o\000r\000\040\000u\000s\000e\000\040\000i\000n\000\040\000R\000h\000o\000s\000t\000M\000U\000S\000H}{chapter.8}% 73
\BOOKMARK [1][-]{section.8.3}{\376\377\000N\000o\000t\000e\000\040\000a\000b\000o\000u\000t\000\040\000C\000o\000m\000p\000i\000l\000i\000n\000g}{chapter.8}% 74
\BOOKMARK [0][-]{chapter.9}{\376\377\000G\000e\000t\000t\000i\000n\000g\000\040\000S\000t\000a\000r\000t\000e\000d}{}% 75
\BOOKMARK [1][-]{section.9.1}{\376\377\000W\000h\000a\000t\000\040\000t\000o\000\040\000t\000y\000p\000e\000\040\000t\000o\000\040\000g\000e\000t\000\040\000t\000h\000e\000\040\000b\000a\000s\000i\000c\000s\000\040\000r\000u\000n\000n\000i\000n\000g\000\040\000i\000f\000\040\000y\000o\000u\000\040\000d\000i\000d\000\040\000n\000o\000t\000\040\000c\000h\000o\000o\000s\000e\000\040\000a\000\040\000p\000r\000e\000-\000e\000x\000i\000s\000t\000i\000n\000g\000\040\000f\000l\000a\000t\000f\000i\000l\000e}{chapter.9}% 76
\BOOKMARK [1][-]{section.9.2}{\376\377\000M\000i\000n\000i\000m\000a\000l\000\040\000D\000B\000\040\000i\000n\000s\000t\000r\000u\000c\000t\000i\000o\000n\000s}{chapter.9}% 77
\BOOKMARK [0][-]{chapter.10}{\376\377\000A\000m\000b\000r\000o\000s\000i\000a\000\047\000s\000\040\000M\000i\000n\000i\000m\000a\000l\000\040\000R\000h\000o\000s\000t\000\040\000D\000B}{}% 78
\BOOKMARK [1][-]{section.10.1}{\376\377\000V\000e\000r\000s\000i\000o\000n\000\040\000h\000i\000s\000t\000o\000r\000y}{chapter.10}% 79
\BOOKMARK [1][-]{section.10.2}{\376\377\000A\000m\000b\000r\000o\000s\000i\000a\000D\000B\000\040\000I\000n\000t\000r\000o\000d\000u\000c\000t\000i\000o\000n}{chapter.10}% 80
\BOOKMARK [1][-]{section.10.3}{\376\377\000A\000m\000b\000r\000o\000s\000i\000a\000D\000B\000\040\000F\000e\000a\000t\000u\000r\000e\000s}{chapter.10}% 81
\BOOKMARK [1][-]{section.10.4}{\376\377\000A\000m\000b\000r\000o\000s\000i\000a\000D\000B\000\040\000B\000i\000t\000l\000e\000v\000e\000l\000s}{chapter.10}% 82
\BOOKMARK [1][-]{section.10.5}{\376\377\000A\000m\000b\000r\000o\000s\000i\000a\000D\000B\000\040\000G\000l\000o\000b\000a\000l\000s}{chapter.10}% 83
\BOOKMARK [1][-]{section.10.6}{\376\377\000A\000m\000b\000r\000o\000s\000i\000a\000D\000B\000\040\000Q\000u\000o\000t\000a}{chapter.10}% 84
\BOOKMARK [1][-]{section.10.7}{\376\377\000A\000m\000b\000r\000o\000s\000i\000a\000D\000B\000\040\000A\000d\000d\000i\000n\000g\000\040\000F\000u\000n\000c\000t\000i\000o\000n\000s}{chapter.10}% 85
\BOOKMARK [1][-]{section.10.8}{\376\377\000A\000m\000b\000r\000o\000s\000i\000a\000D\000B\000\040\000C\000o\000m\000p\000i\000l\000i\000n\000g}{chapter.10}% 86
\BOOKMARK [0][-]{chapter.11}{\376\377\000S\000e\000c\000u\000r\000i\000t\000y}{}% 87
\BOOKMARK [1][-]{section.11.1}{\376\377\000C\000o\000n\000s\000i\000d\000e\000r\000a\000t\000i\000o\000n\000s\000\040\000t\000o\000\040\000l\000o\000c\000k\000i\000n\000g\000\040\000d\000o\000w\000n\000\040\000r\000e\000s\000t\000r\000i\000c\000t\000i\000o\000n\000s\000\040\000i\000n\000\040\000R\000h\000o\000s\000t\000M\000U\000S\000H}{chapter.11}% 88
\BOOKMARK [1][-]{section.11.2}{\376\377\000E\000x\000t\000e\000n\000d\000e\000d\000\040\000l\000o\000c\000k\000d\000o\000w\000n\000\040\000o\000f\000\040\000t\000h\000e\000\040\000m\000u\000s\000h\000\040\000a\000n\000d\000\040\000c\000o\000n\000s\000i\000d\000e\000r\000a\000t\000i\000o\000n\000s}{chapter.11}% 89
\BOOKMARK [1][-]{section.11.3}{\376\377\000M\000e\000t\000h\000o\000d\000s\000\040\000t\000o\000\040\000b\000l\000o\000c\000k\000\040\000a\000n\000o\000n\000y\000m\000o\000u\000s\000\040\000c\000o\000n\000n\000e\000c\000t\000i\000o\000n\000s\000\040\000a\000n\000d\000\040\000t\000h\000e\000\040\000p\000r\000o\000s\000\040\000a\000n\000d\000\040\000c\000o\000n\000s\000\040\000o\000f\000\040\000d\000o\000i\000n\000g\000\040\000s\000o}{chapter.11}% 90
\BOOKMARK [0][-]{chapter.12}{\376\377\000W\000h\000a\000t\000\040\000t\000o\000\040\000D\000o\000\040\000i\000f\000\040\000y\000o\000u\000r\000\040\000M\000U\000S\000H\000\040\000i\000s\000\040\000A\000t\000t\000a\000c\000k\000e\000d}{}% 91
\BOOKMARK [0][-]{chapter.13}{\376\377\000S\000e\000t\000t\000i\000n\000g\000\040\000u\000p\000\040\000a\000n\000\040\000S\000S\000L\000\040\000t\000u\000n\000n\000e\000l\000\040\000f\000o\000r\000\040\000s\000e\000c\000u\000r\000e\000\040\000c\000o\000n\000n\000e\000c\000t\000i\000o\000n\000\040\000o\000p\000t\000i\000o\000n\000s}{}% 92
\BOOKMARK [1][-]{section.13.1}{\376\377\000Q\000u\000i\000c\000k\000s\000t\000a\000r\000t\000\040\000f\000o\000r\000\040\000S\000S\000L\000\040\000s\000e\000t\000u\000p\000\040\000w\000i\000t\000h\000\040\000s\000t\000u\000n\000n\000e\000l}{chapter.13}% 93
\BOOKMARK [1][-]{section.13.2}{\376\377\000D\000e\000t\000a\000i\000l\000e\000d\000\040\000S\000S\000L\000\040\000s\000e\000t\000u\000p\000\040\000w\000i\000t\000h\000\040\000s\000t\000u\000n\000n\000e\000l}{chapter.13}% 94
\BOOKMARK [0][-]{chapter.14}{\376\377\000M\000a\000i\000n\000t\000e\000n\000a\000n\000c\000e}{}% 95
\BOOKMARK [1][-]{section.14.1}{\376\377\000N\000o\000t\000e\000\040\000a\000b\000o\000u\000t\000\040\000P\000a\000t\000c\000h\000i\000n\000g}{chapter.14}% 96
\BOOKMARK [1][-]{section.14.2}{\376\377\000D\000a\000i\000l\000y\000\040\000B\000a\000c\000k\000u\000p\000s\000\040\000f\000o\000r\000\040\000R\000h\000o\000s\000t\000M\000U\000S\000H}{chapter.14}% 97
\BOOKMARK [1][-]{section.14.3}{\376\377\000S\000i\000g\000n\000a\000l\000s\000\040\000a\000n\000d\000\040\000w\000h\000y\000\040\000y\000o\000u\000\040\000n\000e\000e\000d\000\040\000t\000h\000e\000m\000\040\000f\000o\000r\000\040\000c\000o\000n\000t\000r\000o\000l}{chapter.14}% 98
\BOOKMARK [1][-]{section.14.4}{\376\377\000S\000h\000u\000t\000t\000i\000n\000g\000\040\000d\000o\000w\000n\000\040\000R\000h\000o\000s\000t\000M\000U\000S\000H\000\040\000g\000r\000a\000c\000e\000f\000u\000l\000l\000y}{chapter.14}% 99
\BOOKMARK [1][-]{section.14.5}{\376\377\000N\000e\000t\000w\000o\000r\000k\000\040\000P\000o\000r\000t\000\040\000r\000e\000d\000i\000r\000e\000c\000t\000o\000r}{chapter.14}% 100
\BOOKMARK [1][-]{section.14.6}{\376\377\000U\000s\000i\000n\000g\000\040\000t\000h\000e\000\040\000b\000u\000i\000l\000t\000-\000i\000n\000\040\000c\000r\000o\000n\000\040\000s\000y\000s\000t\000e\000m\000\040\000f\000o\000r\000\040\000p\000e\000r\000i\000o\000d\000i\000c\000a\000l\000l\000y\000\040\000r\000u\000n\000n\000i\000n\000g\000\040\000c\000o\000m\000m\000a\000n\000d\000s}{chapter.14}% 101
\BOOKMARK [1][-]{section.14.7}{\376\377\000T\000h\000e\000\040\000f\000o\000l\000l\000o\000w\000i\000n\000g\000\040\000s\000c\000r\000i\000p\000t\000s\000\040\000a\000r\000e\000\040\000u\000s\000e\000d\000\040\000i\000n\000\040\000t\000h\000e\000\040\000g\000a\000m\000e\000\040\000d\000i\000r\000e\000c\000t\000o\000r\000y}{chapter.14}% 102
\BOOKMARK [1][-]{section.14.8}{\376\377\000T\000e\000x\000t\000f\000i\000l\000e\000s\000\040\000f\000o\000r\000\040\000R\000h\000o\000s\000t\000M\000U\000S\000H}{chapter.14}% 103
\BOOKMARK [0][-]{chapter.15}{\376\377\000T\000r\000o\000u\000b\000l\000e\000s\000h\000o\000o\000t\000i\000n\000g}{}% 104
\BOOKMARK [1][-]{section.15.1}{\376\377\000R\000e\000p\000o\000r\000t\000i\000n\000g\000\040\000b\000u\000g\000s\000\040\000o\000r\000\040\000g\000e\000t\000t\000i\000n\000g\000\040\000h\000e\000l\000p}{chapter.15}% 105
\BOOKMARK [1][-]{section.15.2}{\376\377\000S\000t\000a\000c\000k\000\040\000l\000i\000m\000i\000t\000\040\000a\000n\000d\000\040\000d\000e\000b\000u\000g\000g\000i\000n\000g}{chapter.15}% 106
\BOOKMARK [1][-]{section.15.3}{\376\377\000H\000o\000w\000\040\000t\000o\000\040\000r\000e\000s\000e\000t\000\040\000t\000h\000e\000\040\000p\000a\000s\000s\000w\000o\000r\000d\000\040\000f\000o\000r\000\040\000\043\0001}{chapter.15}% 107
\BOOKMARK [1][-]{section.15.4}{\376\377\000T\000r\000o\000u\000b\000l\000e\000s\000h\000o\000o\000t\000i\000n\000g\000\040\000d\000i\000f\000f\000i\000c\000u\000l\000t\000i\000e\000s\000\040\000c\000o\000m\000p\000i\000l\000i\000n\000g\000\040\000R\000h\000o\000s\000t\000M\000U\000S\000H}{chapter.15}% 108
\BOOKMARK [1][-]{section.15.5}{\376\377\000D\000e\000a\000l\000i\000n\000g\000\040\000w\000i\000t\000h\000\040\000D\000B\000\040\000C\000o\000r\000r\000u\000p\000t\000i\000o\000n}{chapter.15}% 109
\BOOKMARK [1][-]{section.15.6}{\376\377\000D\000e\000a\000l\000i\000n\000g\000\040\000w\000i\000t\000h\000\040\000a\000\040\000c\000o\000r\000r\000u\000p\000t\000\040\000m\000a\000i\000l\000\040\000d\000a\000t\000a\000b\000a\000s\000e}{chapter.15}% 110
\BOOKMARK [0][-]{chapter.16}{\376\377\000A\000d\000v\000a\000n\000c\000e\000d\000\040\000F\000e\000a\000t\000u\000r\000e\000s}{}% 111
\BOOKMARK [1][-]{section.16.1}{\376\377\000A\000d\000d\000i\000n\000g\000\040\000h\000a\000r\000d\000c\000o\000d\000e\000d\000\040\000m\000o\000d\000u\000l\000e\000s}{chapter.16}% 112
\BOOKMARK [1][-]{section.16.2}{\376\377\000R\000e\000a\000l\000i\000t\000y\000\040\000L\000e\000v\000e\000l\000s\000\040\000S\000e\000t\000u\000p}{chapter.16}% 113
\BOOKMARK [1][-]{section.16.3}{\376\377\000E\000x\000e\000c\000s\000c\000r\000i\000p\000t\000\040\000a\000n\000d\000\040\000e\000x\000t\000e\000r\000n\000a\000l\000\040\000p\000r\000o\000g\000r\000a\000m\000s\000\040\000a\000n\000d\000\040\000s\000c\000r\000i\000p\000t\000s}{chapter.16}% 114
\BOOKMARK [1][-]{section.16.4}{\376\377\000U\000s\000i\000n\000g\000\040\000p\000r\000i\000n\000t\000f\000\050\000\051\000\040\000f\000o\000r\000\040\000a\000d\000v\000a\000n\000c\000e\000d\000\040\000t\000e\000x\000t\000\040\000o\000u\000t\000p\000u\000t}{chapter.16}% 115
\BOOKMARK [0][-]{chapter.17}{\376\377\000F\000o\000r\000m\000a\000t\000\040\000f\000o\000r\000\040\000i\000m\000a\000g\000e\000\040\000f\000i\000l\000e\000s}{}% 116
\BOOKMARK [1][-]{section.17.1}{\376\377\000H\000E\000L\000P\000\040\000k\000e\000y\000\040\000i\000n\000d\000e\000x\000e\000s\000\040\000f\000o\000r\000\040\000t\000h\000e\000\040\000v\000a\000l\000u\000e\000s}{chapter.17}% 117
\BOOKMARK [0][-]{chapter.18}{\376\377\000R\000e\000q\000u\000i\000r\000e\000m\000e\000n\000t\000s\000\040\000i\000f\000\040\000U\000s\000i\000n\000g\000\040\000W\000i\000n\000d\000o\000w\000s}{}% 118
\BOOKMARK [1][-]{section.18.1}{\376\377\000I\000n\000s\000t\000a\000l\000l\000i\000n\000g\000\040\000o\000n\000\040\000W\000i\000n\000d\000o\000w\000s\000\040\0001\0000\000\040\000w\000i\000t\000h\000\040\000B\000A\000S\000H}{chapter.18}% 119
\BOOKMARK [1][-]{section.18.2}{\376\377\000I\000n\000s\000t\000a\000l\000l\000i\000n\000g\000\040\000o\000n\000\040\000W\000i\000n\000d\000o\000w\000s\000\040\000w\000i\000t\000h\000\040\000C\000y\000g\000w\000i\000n}{chapter.18}% 120
\BOOKMARK [1][-]{section.18.3}{\376\377\000S\000t\000a\000r\000t\000i\000g\000\040\000R\000h\000o\000s\000t\000M\000U\000S\000H\000\040\000o\000n\000\040\000W\000i\000n\000d\000o\000w\000s}{chapter.18}% 121
\BOOKMARK [0][-]{chapter.19}{\376\377\000U\000p\000g\000r\000a\000d\000i\000n\000g\000\040\000a\000\040\000L\000e\000g\000a\000c\000y\000\040\000R\000h\000o\000s\000t\000M\000U\000S\000H\000\040\000I\000n\000s\000t\000a\000l\000l\000a\000t\000i\000o\000n}{}% 122
\BOOKMARK [1][-]{section.19.1}{\376\377\000C\000o\000n\000v\000e\000r\000t\000i\000n\000g\000\040\000d\000a\000t\000a\000b\000a\000s\000e\000\040\000b\000e\000t\000w\000e\000n\000\040\000G\000D\000B\000M\000\040\000a\000n\000d\000\040\000Q\000D\000B\000M}{chapter.19}% 123
\BOOKMARK [1][-]{section.19.2}{\376\377\000U\000p\000d\000a\000t\000i\000n\000g\000\040\000R\000h\000o\000s\000t\000M\000U\000S\000H\000\040\000p\000r\000i\000o\000r\000\040\000t\000o\000\040\0003\000.\0009\000.\0005\000p\0002}{chapter.19}% 124
\BOOKMARK [1][-]{section.19.3}{\376\377\000A\000d\000d\000i\000n\000g\000\040\000M\000y\000S\000Q\000L\000\040\000t\000o\000\040\000R\000h\000o\000s\000t\000M\000U\000S\000H\000\040\000o\000l\000d\000e\000r\000\040\000t\000h\000a\000n\000\040\0003\000.\0009\000.\0005\000p\0002}{chapter.19}% 125
\BOOKMARK [0][-]{chapter.20}{\376\377\000C\000o\000m\000p\000a\000r\000i\000s\000o\000n\000\040\000o\000f\000\040\000F\000l\000a\000g\000s}{}% 126
\BOOKMARK [0][-]{chapter.21}{\376\377\000C\000o\000m\000p\000a\000r\000i\000s\000o\000n\000\040\000o\000f\000\040\000p\000o\000w\000e\000r\000s}{}% 127
\BOOKMARK [0][-]{chapter.22}{\376\377\000H\000i\000s\000t\000o\000r\000i\000c\000a\000l\000\040\000N\000o\000n\000-\000D\000i\000s\000c\000l\000o\000s\000u\000r\000e\000\040\000A\000g\000r\000e\000e\000m\000e\000n\000t}{}% 128
\BOOKMARK [0][-]{chapter.23}{\376\377\000C\000o\000p\000y\000r\000i\000g\000h\000t}{}% 129
\BOOKMARK [0][-]{chapter.24}{\376\377\000R\000h\000o\000s\000t\000M\000U\000S\000H\000\040\000I\000n\000t\000e\000r\000n\000a\000l\000\040\000H\000e\000l\000p\000\040\000F\000i\000l\000e\000s}{}% 130
\BOOKMARK [0][-]{chapter.25}{\376\377\000R\000h\000o\000s\000t\000M\000U\000S\000H\000\040\000I\000n\000t\000e\000r\000n\000a\000l\000\040\000W\000i\000z\000H\000e\000l\000p\000\040\000F\000i\000l\000e\000s}{}% 131
\BOOKMARK [0][-]{section*.64}{\376\377\000I\000n\000d\000e\000x}{}% 132
